1 9766
2500000 2509765
3750000 3759765
625000 634765
1250000 1259765
1875000 1884765
1562500 1572265
937500 947265
312500 322265
781250 786132
4375000 4384765
9766 19532
19532 29297
29297 39063
786132 791015
2187500 2197265
39063 48828
322265 332031
48828 58594
634765 639648
58594 68359
947265 957031
1259765 1269531
68359 78125
1572265 1582031
639648 644531
1884765 1894531
332031 341796
78125 87890
2509765 2519531
644531 649413
87890 97656
3759765 3769531
4384765 4394531
97656 107421
957031 966796
341796 351562
649413 654296
791015 795898
1269531 1279296
107421 117187
1582031 1591796
654296 659179
117187 126952
2197265 2207031
1894531 1904296
351562 361327
126952 136718
795898 800781
659179 664062
966796 976562
2519531 2529296
136718 146484
361327 371093
1279296 1289062
664062 668944
3769531 3779296
146484 156250
1591796 1601562
4394531 4404296
156250 166015
668944 673827
1904296 1914062
976562 986327
800781 805663
371093 380859
166015 175781
673827 678710
805663 810546
1289062 1298827
175781 185546
2529296 2539062
678710 683593
380859 390625
1601562 1611327
2207031 2216796
810546 815429
986327 996093
185546 195312
683593 688476
3779296 3789062
1914062 1923827
815429 820312
390625 400390
4404296 4414062
1298827 1308593
195312 205077
688476 693359
820312 825194
996093 1005859
693359 698242
205077 214843
1611327 1621093
400390 410156
2539062 2548827
2216796 2226562
825194 830077
698242 703125
1923827 1933593
214843 224609
1308593 1318359
410156 419921
830077 834960
703125 708007
3789062 3798827
1005859 1015625
224609 234375
1621093 1630859
708007 712890
834960 839843
4414062 4423827
419921 429687
234375 244140
2548827 2558593
712890 717773
2226562 2236327
1318359 1328125
839843 844726
1933593 1943359
1015625 1025390
717773 722656
429687 439452
244140 253906
844726 849609
1630859 1640625
3798827 3808593
722656 727538
849609 854492
253906 263671
1328125 1337890
439452 449218
1025390 1035156
727538 732421
4423827 4433593
1943359 1953125
2236327 2246093
854492 859375
2558593 2568359
263671 273437
732421 737304
449218 458984
859375 864257
1640625 1650390
737304 742187
273437 283202
1035156 1044921
1337890 1347656
864257 869140
3808593 3818359
742187 747069
458984 468750
1953125 1962890
283202 292968
2246093 2255859
869140 874023
2568359 2578125
747069 751952
1650390 1660156
1044921 1054687
4433593 4443359
1347656 1357421
468750 478515
874023 878906
292968 302734
751952 756835
878906 883788
756835 761718
302734 312500
1962890 1972656
478515 488281
1054687 1064452
3818359 3828125
2255859 2265625
883788 888671
1660156 1669921
761718 766601
1357421 1367187
546875 551757
2578125 2587890
888671 893554
488281 493163
766601 771484
551757 556640
4443359 4453125
1064452 1074218
893554 898437
493163 498046
771484 776367
556640 561523
1972656 1982421
1367187 1376952
1669921 1679687
498046 502929
561523 566406
898437 903319
776367 781250
3828125 3837890
502929 507812
566406 571288
2587890 2597656
2265625 2275390
1074218 1083984
903319 908202
507812 512694
3125000 3134765
571288 576171
1376952 1386718
908202 913085
1982421 1992187
512694 517577
576171 581054
1679687 1689452
4453125 4462890
913085 917968
517577 522460
1083984 1093750
581054 585937
522460 527343
3837890 3847656
585937 590819
2275390 2285156
917968 922851
2597656 2607421
1386718 1396484
527343 532226
590819 595702
1689452 1699218
1992187 2001952
3134765 3144531
922851 927734
1093750 1103515
532226 537109
595702 600585
927734 932617
537109 541992
4462890 4472656
600585 605468
1396484 1406250
2285156 2294921
541992 546875
932617 937500
605468 610351
1103515 1113281
2607421 2617187
1699218 1708984
3847656 3857421
2001952 2011718
2812500 2822265
3144531 3154296
610351 615234
2343750 2348632
1406250 1416015
615234 620117
1113281 1123046
2348632 2353515
620117 625000
2294921 2299804
1708984 1718750
4472656 4482421
2011718 2021484
1718750 1723632
2617187 2626952
3857421 3867187
2353515 2358398
2822265 2832031
1416015 1425781
2299804 2304687
3154296 3164062
1123046 1132812
1723632 1728515
4062500 4072265
2358398 2363281
2304687 2309569
1728515 1733398
2021484 2031250
1425781 1435546
1132812 1142577
2626952 2636718
4482421 4492187
2363281 2368163
2832031 2841796
1733398 1738281
2309569 2314452
3867187 3876952
3164062 3173827
2368163 2373046
1738281 1743163
2031250 2041015
1435546 1445312
1142577 1152343
2314452 2319335
4072265 4082031
1743163 1748046
2373046 2377929
2636718 2646484
2319335 2324218
2841796 2851562
4492187 4501952
3876952 3886718
1152343 1162109
3173827 3183593
1748046 1752929
1445312 1455077
2377929 2382812
2041015 2050781
2324218 2329101
1752929 1757812
4082031 4091796
2382812 2387694
1162109 1171875
2329101 2333984
2646484 2656250
2851562 2861327
1757812 1762694
1455077 1464843
2050781 2060546
3183593 3193359
4501952 4511718
2387694 2392577
3886718 3896484
2333984 2338867
1762694 1767577
1171875 1181640
2392577 2397460
1464843 1474609
1767577 1772460
2338867 2343750
4091796 4101562
2656250 2666015
2861327 2871093
2060546 2070312
1772460 1777343
2397460 2402343
1181640 1191406
3193359 3203125
1210937 1215819
4511718 4521484
3896484 3906250
1474609 1484375
1777343 1782226
1215819 1220702
2402343 2407226
2070312 2080077
1191406 1196288
2871093 2880859
1782226 1787109
4101562 4111327
1220702 1225585
2666015 2675781
2407226 2412109
1484375 1494140
1196288 1201171
3203125 3212890
1225585 1230468
1787109 1791992
3906250 3916015
2412109 2416992
4521484 4531250
1201171 1206054
1230468 1235351
1791992 1796875
2080077 2089843
2880859 2890625
1206054 1210937
1494140 1503906
2675781 2685546
2416992 2421875
1235351 1240234
4111327 4121093
1796875 1801757
2421875 2424316
3212890 3222656
1240234 1245117
2424316 2426757
2734375 2739257
1801757 1806640
3916015 3925781
2089843 2099609
1503906 1513671
2426757 2429198
4531250 4541015
1245117 1250000
2890625 2900390
1806640 1811523
2429198 2431640
2739257 2744140
2685546 2690429
3437500 3447265
2431640 2434081
4121093 4130859
1811523 1816406
3222656 3232421
2434081 2436523
2744140 2749023
1513671 1523437
2099609 2109375
2690429 2695312
2436523 2438964
3925781 3935546
1816406 1821288
2438964 2441406
2900390 2910156
4541015 4550781
2749023 2753906
2695312 2700194
2441406 2443847
1821288 1826171
1523437 1533202
3447265 3457031
2443847 2446288
4130859 4140625
2109375 2119140
3232421 3242187
2753906 2758788
2446288 2448729
1826171 1831054
2700194 2705077
2448729 2451171
3935546 3945312
2910156 2919921
2758788 2763671
1533202 1542968
1831054 1835937
2451171 2453612
4550781 4560546
2705077 2709960
2119140 2128906
2453612 2456054
3457031 3466796
1835937 1840819
4140625 4150390
2456054 2458495
2763671 2768554
3242187 3251952
2709960 2714843
2458495 2460937
1542968 1552734
1840819 1845702
2460937 2463378
2919921 2929687
3945312 3955077
2768554 2773437
2128906 2138671
2714843 2719726
1845702 1850585
2463378 2465819
4560546 4570312
2465819 2468260
3466796 3476562
2773437 2778319
1552734 1562500
1850585 1855468
3251952 3261718
2468260 2470702
4150390 4160156
2719726 2724609
2470702 2473143
2929687 2939452
2138671 2148437
2778319 2783202
1855468 1860351
3955077 3964843
2473143 2475585
2724609 2729492
1865234 1867675
2475585 2478026
2783202 2788085
1867675 1870117
1860351 1861571
4570312 4580077
2478026 2480468
3476562 3486327
1861571 1862792
3261718 3271484
1870117 1872558
2729492 2734375
1862792 1864013
2480468 2482909
4160156 4169921
1864013 1865234
2148437 2158202
1872558 1875000
2167968 2172851
2788085 2792968
2939452 2949218
2482909 2485351
3984375 3989257
3964843 3969726
3281250 3286132
2485351 2487792
2172851 2177734
2792968 2797851
2487792 2490234
3486327 3496093
3989257 3994140
3271484 3273925
4580077 4589843
2490234 2492675
2158202 2160643
3969726 3974609
3286132 3291015
2177734 2182617
2492675 2495117
4169921 4179687
3273925 3276367
2160643 2163085
2797851 2802734
2949218 2958984
2163085 2165526
2495117 2497558
3994140 3999023
2182617 2187500
3276367 3278808
3974609 3979492
3291015 3295898
2165526 2167968
2497558 2500000
2802734 2807617
3278808 3281250
4687500 4697265
2968750 2973632
4218750 4223632
3496093 3505859
3999023 4003906
4609375 4614257
3295898 3300781
4589843 4594726
3979492 3984375
2958984 2961425
2807617 2812500
4179687 4184569
2973632 2978515
2961425 2963867
4223632 4228515
4003906 4008788
4614257 4619140
4023437 4025878
3300781 3305663
2963867 2966308
4594726 4599609
4843750 4848632
2978515 2983398
4184569 4189452
4025878 4028319
2966308 2968750
4228515 4233398
4697265 4702148
3505859 3515625
4008788 4011229
4619140 4624023
3305663 3310546
4199218 4201659
4028319 4030760
4599609 4604492
4848632 4853515
2983398 2988281
4011229 4013671
4189452 4191893
4030760 4033202
4201659 4204101
4233398 4238281
4702148 4707031
4013671 4016112
4191893 4194335
4033202 4035643
3310546 3315429
4624023 4628906
4204101 4206542
2988281 2993163
4604492 4609375
4016112 4018554
4853515 4858398
4194335 4196776
4035643 4038085
4206542 4208984
4238281 4243163
3515625 3525390
4018554 4020995
4707031 4711913
2993163 2998046
4196776 4199218
3315429 3320312
4038085 4040526
4208984 4211425
4628906 4633788
4020995 4023437
4296875 4299316
4858398 4863281
3359375 3361816
4040526 4042968
4211425 4213867
4243163 4245604
4299316 4301757
4921875 4924316
2998046 3002929
4711913 4716796
3361816 3364257
3320312 3322753
4042968 4045409
4213867 4216308
4633788 4638671
4245604 4248046
4301757 4304198
4924316 4926757
3364257 3366698
3322753 3325194
4863281 4865722
3525390 3535156
4045409 4047851
4216308 4218750
4248046 4250487
3002929 3007812
4304198 4306640
4926757 4929198
3366698 3369140
4716796 4721679
4047851 4050292
3325194 3327635
4865722 4868163
4765625 4768066
4250487 4252929
4638671 4643554
4306640 4309081
3369140 3371581
4929198 4931640
3327635 3330077
4050292 4052734
3007812 3012694
4868163 4870604
4768066 4770507
4252929 4255370
3371581 3374023
4309081 4311523
4931640 4934081
3330077 3332518
4721679 4724120
4052734 4055175
4870604 4873046
4770507 4772948
4255370 4257812
3374023 3376464
4643554 4648437
4311523 4313964
3332518 3334960
3012694 3017577
4934081 4936523
3535156 3544921
4724120 4726562
4055175 4057617
3376464 3378906
4772948 4775390
4257812 4260253
4873046 4875487
4313964 4316406
3334960 3337401
4057617 4060058
4936523 4938964
4726562 4729003
3378906 3381347
4260253 4262694
4875487 4877929
4775390 4777831
3017577 3022460
4316406 4318847
4648437 4653319
3337401 3339843
4060058 4062500
4938964 4941406
4729003 4731444
3381347 3383788
4262694 4265135
4777831 4780273
4877929 4880370
4318847 4321288
3339843 3342284
4667968 4670409
4941406 4943847
3383788 3386229
4731444 4733885
3022460 3027343
4265135 4267577
4780273 4782714
3544921 3554687
4880370 4882812
4653319 4655760
4321288 4323729
3342284 3344726
4670409 4672851
3386229 3388671
4943847 4946288
4733885 4736327
4267577 4270018
4782714 4785156
4323729 4326171
4655760 4658202
4882812 4885253
3344726 3347167
3027343 3032226
3388671 3391112
4672851 4675292
4946288 4948729
4736327 4738768
4270018 4272460
4785156 4787597
4326171 4328612
3347167 3349609
4658202 4660643
4885253 4887694
3391112 3393554
4675292 4677734
4948729 4951171
4738768 4741210
4272460 4274901
3032226 3037109
4328612 4331054
3349609 3352050
4787597 4790038
3393554 3395995
4660643 4663085
4887694 4890135
4677734 4680175
4951171 4953612
4274901 4277343
3554687 3564452
4741210 4743651
3352050 3354492
4331054 4333495
3395995 3398437
4790038 4792479
4663085 4665526
4890135 4892577
4680175 4682617
3037109 3041992
4277343 4279784
4953612 4956054
4743651 4746093
3398437 3400878
4333495 4335937
3354492 3356933
4792479 4794921
4665526 4667968
4892577 4895018
4682617 4685058
4279784 4282226
3400878 3403319
4956054 4958495
4746093 4748534
4335937 4338378
3356933 3359375
4794921 4797362
3417968 3419188
3041992 3046875
4685058 4687500
4282226 4284667
4895018 4897460
3419188 3420409
3403319 3404539
3046875 3049316
4958495 4960937
4748534 4750976
4338378 4340819
3420409 3421630
4797362 4799804
3404539 3405760
4284667 4287109
3564452 3574218
3421630 3422851
3405760 3406981
4804687 4805907
4897460 4899901
4960937 4963378
4750976 4753417
3049316 3051757
4340819 4343260
4355468 4356688
3406981 3408202
3422851 3424071
4805907 4807128
4799804 4801024
3408202 3409422
4356688 4357909
4287109 4289550
3424071 3425292
4807128 4808348
4801024 4802245
3051757 3054198
4899901 4902343
4753417 4755859
4343260 4344481
4963378 4965819
3409422 3410643
4357909 4359130
3425292 3426513
4808348 4809569
4802245 4803466
3410643 3411864
4344481 4345702
4359130 4360351
4289550 4291992
3426513 3427734
3054198 3056640
4809569 4810789
4803466 4804687
4345702 4346922
3427734 3428954
3411864 3413085
4755859 4758300
4360351 4361571
4902343 4904784
4965819 4968260
4810789 4812010
4346922 4348143
3413085 3414305
3428954 3430175
3415526 3416136
4291992 4294433
4361571 4362792
3056640 3059081
3416136 3416747
4812010 4813231
3430175 3431396
3414305 3414610
3416747 3417357
4348143 4349364
4758300 4760742
3414610 3414915
4362792 4364013
4904784 4907226
3414915 3415220
3417357 3417968
4968260 4970702
3415220 3415526
4813231 4814452
4350585 4351195
3431396 3432617
4760742 4761962
4349364 4349669
4364013 4365234
3574218 3583984
4294433 4296875
4349669 4349974
3059081 3061523
4351195 4351805
4349974 4350279
4814452 4815672
4350279 4350585
4351805 4352415
4763183 4763793
3432617 3433837
4365234 4366454
4761962 4762267
4980468 4981688
4352415 4353026
4907226 4909667
4970702 4971922
4762267 4762572
4763793 4764404
4815672 4816893
4762572 4762877
4353026 4353636
3433837 3435058
4762877 4763183
3061523 3063964
4764404 4765014
4366454 4367675
4370117 4370727
4990234 4990844
4981688 4982298
4353636 4354247
4971922 4973143
4765014 4765625
4370727 4371337
4816893 4818114
3435058 3436279
4990844 4991454
4982298 4982909
4354247 4354857
4367675 4368285
3085937 3087157
4371337 4371947
4982909 4983519
4354857 4355468
4991454 4992064
4909667 4912109
4368285 4368896
4973143 4974364
4371947 4372558
3063964 3065185
3436279 3437500
4983519 4984130
4824218 4824828
4818114 4818724
4992064 4992675
3087157 3088378
4368896 4369506
4372558 4373168
4824828 4825438
4984130 4984740
4992675 4993285
4818724 4819335
3065185 3066406
4974364 4975585
4369506 4370117
4995117 4995422
4825438 4826048
4373168 4373779
3088378 3089598
4993285 4993590
4984740 4985351
4819335 4819945
4995422 4995727
4985351 4985656
4993590 4993896
4995727 4996032
4826048 4826659
3066406 3067626
4373779 4374389
4985656 4985961
4993896 4994201
4996032 4996337
4374389 4374541
4819945 4820555
4912109 4914550
4374541 4374694
4985961 4986266
4374694 4374847
4975585 4976805
4994201 4994506
4996337 4996642
4826659 4827269
3089598 3090819
4374847 4375000
3593750 3598632
3076171 3076781
4986266 4986571
4996642 4996947
4994506 4994811
4820555 4821165
4994811 4995117
3067626 3068236
4996947 4997252
4986571 4986876
4827269 4827880
3076781 3077391
4997558 4997710
4997252 4997328
4986876 4987181
4997328 4997405
4821165 4821776
4997710 4997863
4997405 4997481
4997481 4997558
3068236 3068847
3090819 3092039
4997863 4998015
4987181 4987486
4976805 4978026
3071288 3071593
4827880 4828490
3077391 3078001
4998015 4998168
4998168 4998320
4987486 4987792
3071593 3071898
4821776 4822386
4998320 4998473
4998473 4998626
4987792 4988097
3071898 3072203
3078001 3078612
4828490 4829101
4998626 4998779
3072203 3072508
4988097 4988402
3092039 3093260
4998779 4998931
4822386 4822997
4998931 4999084
3072508 3072813
3078612 3079222
4914550 4916992
3068847 3069152
4988402 4988707
4999084 4999236
4829101 4829711
3072813 3073118
4978026 4979247
3583984 3586425
4999236 4999389
3069152 3069457
4988707 4989013
4999389 4999541
3073118 3073423
4822997 4823607
3079222 3079833
3069457 3069762
4999541 4999694
3073423 3073729
4989013 4989318
4829711 4830321
4999694 4999847
3069762 3070067
3093260 3094481
3073729 3074034
4999847 5000000
4989318 4989623
3079833 3080443
4823607 4824218
4979247 4979552
3070067 3070372
3074034 3074339
4830321 4830931
3070372 3070677
4989623 4989928
4833984 4834289
4979552 4979857
3074339 3074644
3080443 3081054
3070677 3070982
4838867 4839019
4989928 4990234
4834289 4834441
3074644 3074950
4979857 4980162
4834441 4834594
4839019 4839172
3070982 3071288
3094481 3095702
4830931 4831236
3074950 3075255
4839172 4839324
4980162 4980238
4834594 4834746
4980315 4980353
3081054 3081664
4980238 4980257
4980257 4980276
4980276 4980295
4980353 4980391
3105468 3106078
4839324 4839477
4980391 4980429
4980295 4980315
4834746 4834899
3083495 3083800
4831236 4831542
4980429 4980468
3075560 3075712
3598632 3603515
4839477 4839629
3075255 3075331
3075712 3075865
4834899 4835051
4839629 4839782
3075331 3075407
3075865 3076018
3075407 3075483
3083800 3084105
4831542 4831847
3586425 3588867
4835051 4835204
3075483 3075560
4839782 4839934
4916992 4919433
3588867 3590087
3081664 3081969
3076018 3076171
4835204 4835356
3084105 3084410
4839934 4840087
3106078 3106688
3591308 3591918
4831847 4832152
4840087 4840239
3095702 3096312
4835356 4835509
3081969 3082274
3084410 3084716
4840239 4840392
4835509 4835661
4832152 4832457
3082274 3082579
4840392 4840544
4835661 4835814
3084716 3085021
3106688 3107298
4840544 4840697
3082579 3082884
3591918 3592529
4835814 4835966
3096312 3096922
4832457 4832763
4840697 4840849
3085021 3085326
3082884 3083189
4835966 4836119
3590087 3590392
4840849 4841002
3107298 3107909
4836119 4836272
3085326 3085631
4841002 4841155
4832763 4833068
3083189 3083495
3592529 3593139
4841155 4841308
3590392 3590697
4836272 4836425
3096922 3097532
3085631 3085937
4841308 4841460
4836425 4836577
3115234 3115539
4833068 4833373
3590697 3591002
4841460 4841613
4836577 4836730
3671875 3674316
3107909 3108214
4836730 4836882
3115539 3115844
4841613 4841765
3593139 3593750
4833373 4833678
3097532 3098143
3591002 3591308
3108214 3108519
4836882 4837035
4841765 4841918
3115844 3116149
4837035 4837187
4841918 4842070
4833678 4833984
3120117 3120269
3120269 3120422
4842070 4842223
4919433 4920043
4837187 4837340
3108519 3108824
3116149 3116301
3098143 3098753
3120422 3120574
3117675 3117751
4842223 4842376
3116301 3116377
3117751 3117827
4837340 4837493
4837646 4837722
3116377 3116454
3118896 3118934
3117827 3117865
3120574 3120727
3108824 3109130
3116454 3116530
3118934 3118972
3117865 3117903
4837722 4837798
4842376 4842529
3118972 3119010
3119010 3119048
3117903 3117941
3116530 3116606
3119048 3119086
3117941 3117980
3119086 3119124
4837493 4837531
4837798 4837874
3117980 3118018
3120727 3120879
3116606 3116682
4842529 4842681
3119124 3119162
3118018 3118056
4837531 4837569
3118056 3118094
3119162 3119201
4837874 4837951
3119201 3119239
3109130 3109435
3116682 3116759
3118094 3118132
4837569 4837607
3119239 3119277
3120879 3121032
3118132 3118170
4837607 4837646
3119277 3119315
4837951 4838027
3122558 3122634
3116759 3116835
3119315 3119353
4920043 4920654
3118170 3118208
4842681 4842834
3118208 3118246
3098753 3099364
3122634 3122710
3121032 3121108
3118246 3118285
3116835 3116911
4838027 4838103
3118285 3118323
3122710 3122786
3119353 3119391
3118323 3118361
3116911 3116987
3121108 3121184
4838103 4838179
3119391 3119429
3118361 3118399
3119429 3119467
3122786 3122863
3118399 3118437
3116987 3117064
4842834 4842986
3109435 3109740
3119467 3119506
3121184 3121260
3118437 3118475
3119506 3119544
3122863 3122939
4838179 4838256
3119544 3119582
3118475 3118513
3117064 3117140
3118513 3118551
3119582 3119620
3122939 3123015
3119620 3119658
4838256 4838332
3121260 3121337
3119658 3119696
3117140 3117216
4842986 4843139
3118551 3118590
3119696 3119734
4838332 4838408
3121337 3121413
3119734 3119772
3117216 3117292
3123015 3123091
3118590 3118628
3121413 3121489
3119772 3119811
3118628 3118666
4838408 4838484
3109740 3110045
3123091 3123168
3119811 3119849
3117292 3117369
3118666 3118704
3119849 3119887
3121489 3121565
4843139 4843291
3117369 3117445
3099364 3099974
4838484 4838561
3118704 3118743
3119887 3119925
3123168 3123244
3117445 3117522
3121565 3121642
3119925 3119964
3118743 3118781
4838561 4838637
3119964 3120002
3118781 3118819
3120002 3120040
3121642 3121718
3123244 3123320
3118819 3118857
3120040 3120078
3117522 3117598
4843291 4843444
3118857 3118896
3120078 3120117
4838637 4838714
3123320 3123396
3121718 3121794
3123396 3123473
4843444 4843520
3110045 3110351
3117598 3117675
3121947 3121985
3121794 3121832
3123473 3123549
4920654 4921264
3121832 3121870
3121985 3122023
4838714 4838790
3710937 3712157
3122023 3122061
3121870 3121908
4843520 4843597
3110351 3110503
3122061 3122099
3123549 3123626
3122099 3122137
4838790 4838867
3121908 3121947
3122137 3122175
4843597 4843673
3122252 3122271
3122271 3122290
3122175 3122194
3123626 3123702
3122290 3122309
3122194 3122213
3122213 3122232
3100585 3100890
3122309 3122328
3110503 3110656
3122232 3122252
4843673 4843750
4921264 4921416
3122328 3122347
3123702 3123779
3122347 3122366
3123779 3123817
3099974 3100126
3122366 3122385
3122385 3122405
3122405 3122424
3123817 3123855
3122424 3122443
3122443 3122462
3103026 3103178
3100279 3100355
3123855 3123893
3122462 3122481
3122481 3122500
3110656 3110808
3123893 3123931
3122500 3122519
3123931 3123969
3674316 3675536
3100126 3100164
3122519 3122538
4921416 4921569
3100355 3100432
3100164 3100202
3122538 3122558
3123969 3124007
3691406 3692016
3100890 3101042
3100202 3100240
3100432 3100508
3100240 3100279
3124007 3124045
3103178 3103331
3100508 3100585
3124045 3124084
3730468 3731078
3110808 3110961
3124084 3124122
3101805 3101881
4921569 4921722
3603515 3605956
3124122 3124160
3101042 3101118
3101881 3101957
3103331 3103483
3101118 3101195
3124160 3124198
3110961 3111113
3124198 3124236
3124236 3124274
3101957 3102033
3124274 3124312
3101195 3101271
3102415 3102453
4921722 4921875
3124312 3124350
3102033 3102071
3102453 3102491
3103483 3103636
3101271 3101347
3124350 3124389
3102071 3102110
3102491 3102529
3111113 3111266
3124389 3124427
3102110 3102148
3102529 3102567
3102148 3102186
3124427 3124465
3101347 3101423
3102567 3102605
3124465 3124503
3102186 3102224
3124503 3124541
3102605 3102643
3124541 3124579
3111266 3111418
3102224 3102262
3103636 3103788
3124694 3124713
3101423 3101500
3124713 3124732
3102643 3102681
3124579 3124598
3102262 3102300
3124732 3124751
3102681 3102720
3124598 3124617
3124617 3124636
3124751 3124770
3124770 3124789
3102720 3102758
3124789 3124808
3124636 3124655
3124655 3124674
3101500 3101576
3124808 3124827
3102300 3102338
3124674 3124694
3102758 3102796
3124827 3124847
3692016 3692626
3104247 3104323
3103788 3103864
3102338 3102376
3101576 3101652
3124847 3124866
3124866 3124885
3111418 3111571
3102796 3102834
3104323 3104399
3124885 3124904
3102376 3102415
3124904 3124923
3124923 3124942
3101652 3101728
3102834 3102873
3124942 3124961
3103864 3103941
3701171 3701476
3124961 3124980
3102873 3102911
3124980 3125000
3104399 3104475
3103941 3104017
3731078 3731688
3101728 3101805
3102911 3102949
3104857 3104895
3111571 3111723
3104017 3104094
3102949 3102987
3104475 3104513
3104895 3104933
3712157 3712767
3105162 3105181
3104933 3104952
3102987 3103026
3105181 3105200
3104094 3104170
3104952 3104971
3105200 3105219
3111723 3111876
3104971 3104990
3104990 3105009
3740234 3740539
3105219 3105238
3105238 3105257
3105009 3105028
3104170 3104247
3105257 3105276
3105028 3105047
3105047 3105066
3105276 3105295
3105066 3105085
3105085 3105104
3105295 3105315
3104552 3104571
3105104 3105123
3105315 3105334
3104571 3104590
3104590 3104609
3105334 3105353
3105123 3105142
3105353 3105372
3104609 3104628
3105142 3105162
3701476 3701781
3111876 3112028
3105372 3105391
3105391 3105410
3720702 3721007
3105410 3105429
3104628 3104647
3104647 3104666
3104666 3104685
3105429 3105448
3105448 3105468
3675536 3676146
3104685 3104704
3104704 3104723
3112028 3112181
3104723 3104742
3681640 3681945
3104742 3104761
3104761 3104780
3104780 3104799
3740539 3740844
3104799 3104818
3104818 3104837
3104837 3104857
3112181 3112333
3706054 3706206
3731688 3731993
3701781 3701933
3692626 3692931
3721007 3721312
3104513 3104522
3104522 3104532
3104532 3104542
3104542 3104552
3681945 3682250
3708495 3708571
3701933 3702086
3112333 3112486
3712767 3713072
3708571 3708647
3706206 3706282
3112486 3112639
3740844 3741149
3692931 3693236
3706282 3706359
3708647 3708723
3702086 3702238
3731993 3732298
3706359 3706435
3708723 3708800
3112639 3112792
3676146 3676451
3708800 3708876
3721312 3721617
3706435 3706511
3682250 3682555
3702238 3702391
3713072 3713378
3706511 3706587
3708876 3708952
3112792 3112944
3706587 3706664
3741149 3741454
3693236 3693541
3708952 3709028
3706664 3706740
3702391 3702543
3732298 3732603
3721617 3721922
3112944 3113097
3706740 3706816
3709028 3709105
3682555 3682860
3676451 3676757
3713378 3713683
3706816 3706892
3702543 3702696
3113097 3113249
3709105 3709181
3741454 3741759
3706892 3706969
3709181 3709257
3709257 3709333
3693541 3693847
3706969 3707045
3113249 3113402
3702696 3702848
3707045 3707121
3732603 3732909
3709333 3709410
3721922 3722227
3676757 3677062
3682860 3683165
3702848 3703001
3713683 3713988
3709410 3709486
3707121 3707197
3113402 3113554
3709486 3709563
3707197 3707274
3741759 3742064
3709563 3709639
3703001 3703153
3707274 3707350
3693847 3694152
3113554 3113707
3732909 3733214
3709639 3709716
3707350 3707426
3605956 3608398
3713988 3714293
3683165 3683470
3722227 3722532
3709716 3709792
3703153 3703306
3677062 3677367
3707426 3707502
3113707 3113860
3709792 3709868
3707502 3707579
3742064 3742369
3703306 3703459
3709868 3709944
3707579 3707655
3113860 3114013
3694152 3694457
3709944 3710021
3707655 3707731
3733214 3733519
3722532 3722837
3710021 3710097
3714293 3714598
3683470 3683775
3710097 3710173
3707731 3707807
3703459 3703612
3677367 3677672
3114013 3114165
3710173 3710249
3703612 3703764
3707807 3707884
3742369 3742675
3710249 3710326
3114165 3114318
3694457 3694762
3707884 3707960
3710326 3710402
3722837 3723143
3683775 3684081
3733519 3733824
3710402 3710478
3703764 3703917
3707960 3708036
3714598 3714903
3114318 3114470
3708036 3708112
3677672 3677977
3710478 3710554
3708112 3708189
3703917 3704069
3114470 3114623
3742675 3742980
3710554 3710631
3694762 3695067
3708189 3708265
3710631 3710707
3723143 3723448
3733824 3734130
3684081 3684386
3708265 3708342
3704069 3704222
3710707 3710784
3714903 3715208
3114623 3114775
3708342 3708418
3677977 3678282
3742980 3743285
3710784 3710860
3708418 3708495
3114775 3114928
3710860 3710937
3704222 3704374
3704833 3704909
3695067 3695372
3734130 3734435
3684386 3684691
3715819 3715971
3704909 3704985
3723448 3723753
3114928 3115081
3715208 3715360
3704374 3704450
3704985 3705061
3743285 3743590
3704450 3704527
3715971 3716124
3715360 3715513
3705061 3705138
3115081 3115234
3678282 3678587
3704527 3704603
3705138 3705214
3695372 3695677
3716124 3716276
3704603 3704680
3734435 3734740
3723753 3724058
3735351 3735503
3715513 3715666
3705214 3705290
3704680 3704756
3684691 3684996
3716276 3716429
3705290 3705366
3704756 3704833
3735503 3735656
3715666 3715819
3678587 3678892
3725585 3725737
3705366 3705443
3734740 3734892
3743590 3743896
3716429 3716581
3695677 3695982
3705443 3705519
3724058 3724211
3684996 3685302
3735656 3735808
3725737 3725890
3716581 3716734
3632812 3634032
3705519 3705595
3734892 3735045
3705595 3705671
3724211 3724364
3725890 3726042
3678892 3679198
3735808 3735961
3705671 3705748
3735045 3735198
3716734 3716886
3705748 3705824
3743896 3744201
3695982 3696288
3685302 3685607
3724364 3724516
3726042 3726195
3705824 3705901
3735961 3736113
3735198 3735351
3705901 3705977
3716886 3717039
3726195 3726347
3724516 3724669
3736113 3736266
3705977 3706054
3679198 3679350
3686523 3686675
3688964 3689040
3744201 3744506
3717039 3717191
3685607 3685759
3689040 3689116
3696288 3696593
3726347 3726500
3608398 3609618
3736266 3736418
3724669 3724821
3689116 3689192
3679350 3679503
3686675 3686751
3685759 3685912
3689192 3689269
3717191 3717344
3724821 3724974
3736418 3736571
3726500 3726652
3686751 3686828
3679503 3679655
3689269 3689345
3686828 3686904
3744506 3744811
3685912 3686064
3696593 3696898
3686904 3686980
3689345 3689421
3717344 3717496
3689421 3689497
3679655 3679808
3736571 3736723
3726652 3726805
3724974 3725126
3686980 3687056
3689497 3689574
3686064 3686217
3717496 3717649
3736723 3736876
3689574 3689650
3687056 3687133
3679808 3679960
3725126 3725279
3726805 3726957
3744811 3745117
3687133 3687209
3686217 3686370
3689650 3689726
3696898 3697203
3687209 3687285
3717649 3717801
3689726 3689802
3736876 3737028
3679960 3680113
3725279 3725432
3726957 3727110
3687285 3687361
3634032 3635253
3689802 3689879
3686370 3686523
3717801 3717954
3687361 3687438
3689879 3689955
3725432 3725585
3737028 3737181
3745117 3745422
3680113 3680266
3737792 3737868
3689955 3690032
3727110 3727262
3687438 3687514
3737868 3737944
3697203 3697508
3690032 3690108
3717954 3718107
3687514 3687590
3690185 3690223
3680266 3680419
3737181 3737257
3690223 3690261
3737944 3738020
3687590 3687666
3690108 3690127
3727262 3727415
3690127 3690146
3690146 3690165
3687666 3687743
3690165 3690185
3690261 3690299
3718260 3718336
3690299 3690337
3737257 3737333
3738020 3738097
3718107 3718145
3680419 3680571
3718145 3718183
3690337 3690375
3687743 3687819
3738097 3738173
3745422 3745727
3737333 3737409
3718183 3718221
3718336 3718412
3727415 3727567
3690375 3690413
3718221 3718260
3690413 3690451
3687819 3687895
3738173 3738249
3652343 3652953
3737409 3737486
3690451 3690490
3697508 3697813
3609618 3610839
3690490 3690528
3718412 3718488
3737486 3737562
3680571 3680724
3727567 3727720
3687895 3687971
3738249 3738325
3737562 3737639
3690528 3690566
3718488 3718565
3687971 3688048
3690566 3690604
3738325 3738402
3690604 3690642
3680724 3680876
3718565 3718641
3727720 3727873
3737639 3737715
3688048 3688124
3738402 3738478
3690642 3690680
3745727 3746032
3718641 3718717
3690680 3690718
3697813 3698118
3688124 3688200
3680876 3681029
3737715 3737792
3718717 3718793
3738478 3738554
3690718 3690756
3698729 3698881
3690756 3690795
3727873 3728026
3690795 3690833
3718793 3718870
3738554 3738630
3681029 3681181
3688200 3688276
3690833 3690871
3718870 3718946
3690871 3690909
3698881 3699034
3738630 3738707
3728026 3728178
3688276 3688353
3718946 3719022
3690909 3690947
3681181 3681334
3738707 3738783
3698118 3698270
3690947 3690985
3746032 3746337
3719022 3719098
3688353 3688429
3635253 3635863
3738783 3738860
3690985 3691023
3699034 3699186
3728178 3728331
3738860 3738936
3691023 3691061
3719098 3719175
3681334 3681487
3691061 3691100
3738936 3739013
3688429 3688505
3691100 3691138
3691138 3691176
3719175 3719251
3698270 3698423
3691176 3691214
3739013 3739089
3699186 3699339
3688505 3688581
3728331 3728483
3681487 3681640
3691214 3691253
3719251 3719328
3691253 3691291
3739089 3739165
3688581 3688658
3698423 3698576
3719328 3719404
3746337 3746642
3691291 3691329
3699950 3700026
3739165 3739241
3652953 3653563
3688658 3688734
3691329 3691367
3719404 3719481
3698576 3698729
3728483 3728636
3739241 3739318
3699339 3699415
3691367 3691406
3700026 3700102
3719481 3719557
3642577 3642882
3739318 3739394
3699415 3699491
3688734 3688811
3719557 3719633
3700102 3700178
3699491 3699567
3728636 3728788
3739394 3739470
3688811 3688887
3739623 3739661
3739661 3739699
3719633 3719709
3635863 3636168
3700178 3700255
3699567 3699644
3610839 3612060
3739699 3739737
3746642 3746947
3688887 3688964
3739737 3739775
3719709 3719786
3739775 3739813
3700255 3700331
3739470 3739508
3739813 3739851
3728788 3728941
3739508 3739546
3699644 3699720
3700331 3700407
3739851 3739889
3720091 3720129
3739546 3739584
3719786 3719824
3739584 3739623
3739889 3739928
3642882 3643187
3720129 3720167
3699720 3699797
3719824 3719862
3700560 3700598
3700407 3700445
3739928 3739966
3728941 3729094
3636168 3636473
3700598 3700636
3720167 3720205
3739966 3740004
3719862 3719900
3699797 3699873
3700445 3700483
3700636 3700674
3720205 3720243
3700674 3700712
3700483 3700521
3720243 3720281
3740004 3740042
3719900 3719938
3700712 3700750
3719938 3719976
3700521 3700560
3720281 3720319
3700750 3700788
3740042 3740081
3699873 3699950
3746947 3747252
3653563 3654173
3740081 3740119
3720319 3720357
3719976 3720014
3720014 3720033
3720357 3720396
3700788 3700826
3720033 3720052
3740119 3740157
3720052 3720071
3662109 3662414
3720071 3720091
3740157 3740195
3613281 3613891
3729094 3729247
3729247 3729323
3643187 3643492
3720396 3720434
3700826 3700865
3700865 3700903
3740195 3740234
3729323 3729399
3647460 3647612
3720434 3720472
3700903 3700941
3720472 3720510
3636473 3636778
3729399 3729475
3720510 3720549
3747558 3747710
3700941 3700979
3720549 3720587
3747252 3747328
3700979 3701018
3662414 3662719
3647612 3647765
3729475 3729552
3701018 3701056
3747328 3747405
3720587 3720625
3701056 3701094
3643492 3643644
3720625 3720663
3701094 3701132
3720663 3720702
3729552 3729628
3701132 3701171
3747405 3747481
3747710 3747863
3748779 3748855
3637694 3637846
3747481 3747558
3729628 3729704
3647765 3647917
3640135 3640211
3748855 3748931
3636778 3636930
3643644 3643797
3654173 3654478
3637846 3637922
3729704 3729780
3640211 3640287
3747863 3747939
3748931 3749007
3640287 3640363
3662719 3663024
3729780 3729857
3647917 3648070
3747939 3748015
3637922 3637999
3643797 3643949
3636930 3637083
3748015 3748091
3613891 3614501
3640363 3640440
3729857 3729933
3749007 3749084
3637999 3638075
3640440 3640516
3748091 3748168
3749084 3749160
3637083 3637235
3729933 3730009
3612060 3612365
3648070 3648222
3638075 3638151
3640516 3640592
3643949 3644102
3749160 3749236
3748168 3748244
3730009 3730085
3654478 3654784
3638151 3638227
3648222 3648375
3640592 3640668
3730085 3730162
3749236 3749312
3637235 3637388
3663024 3663329
3638227 3638304
3748244 3748320
3730162 3730238
3749312 3749389
3644102 3644254
3640668 3640745
3748320 3748396
3749389 3749465
3648375 3648527
3730238 3730315
3640745 3640821
3637388 3637541
3638304 3638380
3748396 3748473
3638380 3638456
3749465 3749541
3654784 3655089
3644254 3644407
3730315 3730391
3640821 3640897
3612365 3612670
3749541 3749617
3637541 3637694
3638456 3638532
3748473 3748549
3730391 3730468
3648527 3648680
3640897 3640973
3644407 3644559
3663329 3663634
3749617 3749694
3748549 3748626
3623046 3623351
3640973 3641050
3638532 3638609
3614501 3614806
3638609 3638685
3657226 3657378
3641050 3641126
3648680 3648832
3749694 3749770
3748626 3748702
3638685 3638761
3644559 3644712
3749770 3749847
3612670 3612975
3655089 3655241
3748702 3748779
3641126 3641203
3638761 3638837
3749847 3749923
3648832 3648985
3623351 3623656
3641356 3641394
3657378 3657531
3638837 3638914
3644712 3644865
3663634 3663939
3614806 3615111
3655241 3655394
3641203 3641241
3641394 3641432
3749923 3750000
3638914 3638990
3641241 3641279
3641432 3641470
3648985 3649137
3644865 3645018
3641279 3641317
3657531 3657683
3641317 3641356
3627929 3628081
3641966 3641985
3641985 3642004
3641470 3641489
3641489 3641508
3638990 3639066
3642004 3642023
3641508 3641527
3655394 3655546
3642023 3642042
3641527 3641546
3642042 3642061
3641546 3641565
3642061 3642080
3642080 3642099
3649137 3649290
3639066 3639142
3642099 3642118
3641565 3641584
3642118 3642137
3612975 3613281
3642137 3642156
3641584 3641603
3645018 3645170
3642156 3642175
3623656 3623808
3642175 3642194
3642194 3642213
3641603 3641622
3657683 3657836
3639142 3639219
3663939 3664244
3642213 3642232
3641622 3641641
3642232 3642251
3628081 3628234
3642251 3642271
3641641 3641661
3655546 3655699
3615111 3615416
3642271 3642290
3642290 3642309
3641661 3641680
3641680 3641699
3641699 3641718
3649290 3649442
3642309 3642328
3641718 3641737
3639219 3639295
3642328 3642347
3641737 3641756
3657836 3657988
3641756 3641775
3645170 3645323
3642347 3642366
3623808 3623961
3641775 3641794
3639295 3639371
3642366 3642385
3642385 3642404
3642404 3642424
3641794 3641813
3628234 3628386
3655699 3655852
3642424 3642443
3642443 3642462
3641813 3641832
3639371 3639447
3641832 3641851
3642462 3642481
3642500 3642509
3642509 3642519
3641851 3641870
3664244 3664550
3649442 3649595
3642519 3642528
3642481 3642485
3642485 3642490
3642490 3642495
3645323 3645475
3642528 3642538
3642538 3642547
3642547 3642557
3642557 3642567
3642495 3642500
3657988 3658141
3642567 3642577
3641870 3641889
3666992 3667144
3615416 3615722
3639447 3639524
3641889 3641898
3641898 3641908
3641908 3641917
3641917 3641927
3623961 3624113
3649901 3649977
3641927 3641936
3641936 3641946
3641946 3641956
3628386 3628539
3641956 3641966
3630370 3630446
3639524 3639600
3649595 3649671
3649977 3650053
3658141 3658293
3645475 3645628
3667144 3667297
3630446 3630522
3624113 3624266
3650053 3650129
3639600 3639676
3628539 3628615
3630522 3630598
3628615 3628691
3639676 3639752
3650129 3650206
3658293 3658446
3615722 3616027
3630598 3630675
3664550 3664702
3667297 3667449
3649671 3649748
3645628 3645780
3628691 3628767
3624266 3624418
3639752 3639829
3650206 3650282
3630675 3630751
3649748 3649824
3667449 3667602
3639829 3639905
3628767 3628844
3650282 3650358
3630751 3630827
3649824 3649901
3664702 3664855
3645780 3645933
3669433 3669509
3658446 3658598
3639905 3639982
3624418 3624571
3628844 3628920
3655852 3656005
3650358 3650434
3630827 3630903
3669509 3669585
3628920 3628996
3650434 3650511
3667602 3667678
3639982 3640058
3664855 3665007
3658598 3658751
3645933 3646086
3656005 3656157
3616027 3616332
3630903 3630980
3669585 3669661
3667678 3667754
3628996 3629072
3640058 3640135
3624571 3624723
3650511 3650587
3669661 3669738
3665007 3665160
3629072 3629149
3667754 3667830
3630980 3631056
3625487 3625563
3650587 3650663
3669738 3669814
3656157 3656310
3658751 3658903
3667830 3667907
3625563 3625639
3646086 3646239
3650663 3650739
3629149 3629225
3669814 3669890
3631056 3631132
3667907 3667983
3624723 3624799
3625639 3625715
3631132 3631208
3616332 3616637
3624799 3624876
3665160 3665312
3629225 3629301
3650739 3650816
3656310 3656462
3667983 3668059
3658903 3659056
3669890 3669966
3631208 3631285
3625715 3625792
3624876 3624952
3629301 3629377
3625792 3625868
3650816 3650892
3669966 3670043
3631285 3631361
3659056 3659208
3668059 3668135
3629377 3629454
3624952 3625028
3646239 3646391
3631361 3631438
3656462 3656615
3670043 3670119
3625868 3625944
3665312 3665465
3650892 3650969
3668135 3668212
3625028 3625104
3629454 3629530
3668212 3668288
3631438 3631514
3670119 3670195
3650969 3651045
3625944 3626020
3659208 3659361
3646391 3646544
3631514 3631591
3629530 3629606
3670195 3670271
3651045 3651122
3625104 3625181
3616637 3616942
3656615 3656767
3626020 3626097
3668288 3668364
3631591 3631667
3651122 3651198
3665465 3665618
3625181 3625257
3629606 3629682
3670271 3670348
3668364 3668440
3631667 3631743
3626097 3626173
3659361 3659514
3651198 3651274
3625257 3625334
3629682 3629759
3631743 3631819
3646544 3646696
3670348 3670424
3651274 3651350
3625334 3625410
3656767 3656920
3668440 3668517
3626173 3626249
3629759 3629835
3665618 3665771
3651350 3651427
3670424 3670501
3668517 3668593
3651427 3651503
3625410 3625487
3626249 3626325
3629835 3629911
3631819 3631896
3670501 3670577
3659514 3659667
3646696 3646849
3665771 3665923
3668593 3668669
3616942 3617247
3659667 3659743
3656920 3657073
3631896 3631972
3670577 3670654
3651503 3651579
3629911 3629987
3659743 3659819
3668669 3668745
3626325 3626402
3651579 3651655
3631972 3632048
3670654 3670730
3659819 3659895
3668745 3668822
3629987 3630064
3626402 3626478
3671264 3671302
3646849 3647001
3665923 3666076
3657073 3657226
3651655 3651732
3659895 3659972
3671302 3671340
3668822 3668898
3632048 3632124
3630064 3630140
3670730 3670768
3671340 3671378
3651732 3651808
3626478 3626555
3670768 3670806
3630140 3630217
3671378 3671416
3632124 3632201
3659972 3660048
3668898 3668974
3617247 3617552
3671416 3671454
3670806 3670844
3647001 3647154
3632201 3632277
3651808 3651884
3626555 3626631
3630217 3630255
3666076 3666228
3671569 3671588
3670844 3670882
3660048 3660124
3671454 3671473
3671588 3671607
3651884 3651960
3626631 3626708
3632277 3632353
3671473 3671492
3670882 3670920
3671607 3671626
3671626 3671645
3630255 3630293
3671492 3671511
3671645 3671664
3668974 3669050
3647154 3647307
3660124 3660200
3671511 3671530
3671664 3671683
3670920 3670959
3671683 3671702
3671530 3671549
3651960 3652037
3671702 3671722
3630293 3630331
3671722 3671741
3666228 3666381
3626708 3626784
3632353 3632429
3670959 3670997
3671741 3671760
3630331 3630370
3660200 3660277
3671549 3671569
3671760 3671779
3671779 3671798
3618163 3618315
3660888 3660926
3652037 3652113
3660277 3660315
3670997 3671035
3647307 3647460
3660315 3660353
3671798 3671817
3626784 3626860
3671817 3671836
3632429 3632506
3660926 3660964
3669050 3669127
3671836 3671855
3671035 3671073
3660353 3660391
3626860 3626936
3671073 3671111
3652113 3652190
3660964 3661002
3671855 3671875
3661002 3661040
3617552 3617704
3666381 3666533
3661040 3661078
3671111 3671149
3632506 3632582
3620604 3620680
3660391 3660429
3669127 3669203
3661078 3661116
3626936 3627013
3618315 3618391
3652190 3652266
3661116 3661154
3671149 3671187
3660429 3660467
3669203 3669280
3617857 3617933
3661154 3661193
3620680 3620756
3660467 3660505
3632582 3632659
3671187 3671225
3652266 3652343
3618391 3618468
3661193 3661231
3627013 3627089
3671225 3671264
3666533 3666686
3661231 3661269
3617933 3618010
3619383 3619421
3669280 3669356
3660505 3660543
3660582 3660601
3632659 3632735
3661269 3661307
3660601 3660620
3620756 3620832
3627089 3627165
3660543 3660552
3660552 3660562
3660562 3660572
3619421 3619459
3660620 3660639
3619459 3619497
3617704 3617742
3660572 3660582
3618468 3618506
3660639 3660658
3669356 3669433
3661307 3661345
3661498 3661517
3618010 3618086
3632735 3632812
3660658 3660677
3620832 3620909
3661345 3661364
3661364 3661383
3627165 3627241
3619497 3619535
3660677 3660696
3618506 3618544
3617742 3617780
3666686 3666839
3661517 3661536
3660696 3660715
3660715 3660735
3617780 3617818
3661536 3661555
3618773 3618792
3661383 3661402
3619535 3619573
3618544 3618563
3618792 3618811
3620909 3620985
3661555 3661574
3661402 3661421
3618086 3618163
3660735 3660754
3617818 3617857
3619573 3619611
3618563 3618582
3618582 3618601
3661421 3661440
3660754 3660773
3661574 3661593
3660773 3660792
3627241 3627318
3618811 3618830
3618601 3618620
3660792 3660811
3618620 3618629
3660811 3660820
3660820 3660830
3661803 3661812
3618629 3618639
3661812 3661822
3661822 3661831
3661440 3661459
3618830 3618849
3661831 3661841
3618639 3618648
3618648 3618658
3661593 3661602
3666839 3666877
3618849 3618868
3660849 3660853
3660853 3660858
3619611 3619649
3660830 3660834
3660834 3660839
3661841 3661850
3660839 3660844
3660844 3660849
3618658 3618667
3618667 3618677
3660858 3660863
3618677 3618686
3618868 3618887
3660863 3660868
3660868 3660873
3661602 3661612
3661612 3661621
3661459 3661478
3661621 3661631
3619993 3620012
3661478 3661498
3661631 3661640
3661850 3661860
3661860 3661869
3661869 3661879
3666877 3666915
3660873 3660878
3618887 3618906
3618686 3618696
3660878 3660883
3660883 3660888
3621825 3621863
3661640 3661650
3661650 3661654
3661654 3661659
3620985 3621023
3661659 3661664
3618696 3618705
3661879 3661888
3618906 3618925
3661664 3661669
3661888 3661898
3661669 3661673
3661673 3661678
3620012 3620031
3661898 3661907
3661907 3661917
3627318 3627356
3618705 3618715
3661678 3661683
3661683 3661688
3619649 3619668
3661688 3661692
3661692 3661697
3661697 3661702
3621214 3621233
3661702 3661707
3620031 3620050
3618715 3618724
3618724 3618734
3618734 3618743
3661707 3661711
3618743 3618753
3666915 3666953
3620298 3620307
3620307 3620317
3661711 3661716
3627356 3627394
3661716 3661721
3620050 3620059
3661721 3661726
3661726 3661730
3661730 3661735
3661917 3661926
3618925 3618944
3619668 3619688
3621863 3621901
3621233 3621252
3621023 3621042
3618753 3618763
3620317 3620326
3620059 3620069
3661926 3661936
3620069 3620078
3661936 3661946
3661735 3661740
3618944 3618963
3619688 3619707
3620326 3620336
3619707 3619726
3620078 3620088
3621042 3621061
3661740 3661745
3661946 3661956
3661745 3661749
3621252 3621271
3661749 3661754
3661754 3661759
3661759 3661764
3618763 3618773
3666953 3666992
3620088 3620097
3620145 3620149
3618963 3618982
3618982 3619001
3620149 3620154
3621901 3621939
3620336 3620345
3620345 3620355
3661764 3661768
3661768 3661773
3619726 3619745
3620355 3620364
3620364 3620374
3620097 3620102
3627394 3627432
3661956 3661965
3620102 3620107
3619745 3619764
3620107 3620111
3621061 3621080
3620154 3620159
3620159 3620164
3619001 3619020
3661773 3661778
3661778 3661783
3620111 3620116
3620116 3620121
3619764 3619783
3620374 3620383
3621080 3621099
3620383 3620393
3661965 3661975
3661783 3661788
3620121 3620126
3620126 3620130
3661788 3661793
3661793 3661798
3621271 3621290
3620164 3620168
3620168 3620173
3620393 3620402
3661798 3661803
3661975 3661984
3621099 3621118
3619078 3619087
3619087 3619097
3619783 3619802
3620130 3620135
3620135 3620140
3620140 3620145
3662032 3662036
3662036 3662041
3620173 3620178
3627432 3627470
3619020 3619029
3619029 3619039
3620178 3620183
3621939 3621977
3620183 3620187
3620187 3620192
3620451 3620455
3620455 3620460
3620460 3620465
3619097 3619106
3620465 3620470
3661984 3661989
3661989 3661994
3662041 3662046
3662046 3662051
3661994 3661998
3621290 3621309
3661998 3662003
3620402 3620407
3662003 3662008
3620407 3620412
3619802 3619821
3662008 3662013
3619039 3619048
3621309 3621328
3620412 3620416
3620416 3620421
3620421 3620426
3620426 3620431
3620192 3620197
3620197 3620202
3620202 3620206
3620206 3620211
3620431 3620436
3662051 3662055
3620470 3620474
3620436 3620441
3620474 3620479
3620479 3620484
3619106 3619116
3620484 3620489
3620489 3620493
3619116 3619125
3621118 3621137
3662013 3662017
3662017 3662022
3621328 3621347
3619048 3619058
3619058 3619068
3619068 3619078
3621977 3622015
3620441 3620446
3627623 3627642
3620493 3620498
3662022 3662027
3662027 3662032
3620211 3620216
3620216 3620221
3621137 3621156
3620221 3620225
3620225 3620230
3620230 3620235
3662055 3662060
3620446 3620451
3619125 3619135
3620498 3620503
3622435 3622454
3627642 3627661
3619135 3619144
3619144 3619154
3619821 3619840
3662060 3662065
3627470 3627489
3619230 3619234
3619234 3619239
3619239 3619244
3627489 3627508
3662065 3662070
3621156 3621175
3619840 3619859
3620503 3620508
3620235 3620240
3620508 3620512
3621347 3621366
3619154 3619158
3619158 3619163
3627508 3627527
3662070 3662074
3662074 3662079
3619244 3619249
3627527 3627546
3620240 3620244
3620244 3620249
3620249 3620254
3620512 3620517
3620517 3620522
3620522 3620527
3620527 3620531
3619249 3619253
3619253 3619258
3619258 3619263
3622454 3622473
3620531 3620536
3621175 3621194
3627661 3627680
3619859 3619878
3620536 3620541
3619163 3619168
3662079 3662084
3620254 3620259
3619263 3619268
3622015 3622034
3619268 3619272
3619168 3619173
3621366 3621385
3622034 3622053
3619173 3619177
3619177 3619182
3619182 3619187
3619272 3619277
3619277 3619282
3620541 3620546
3620546 3620550
3627546 3627565
3620550 3620555
3620555 3620560
3620560 3620565
3662084 3662089
3662089 3662094
3620565 3620569
3619282 3619287
3619287 3619291
3621194 3621214
3620259 3620263
3620263 3620268
3620268 3620273
3620273 3620278
3619187 3619192
3622473 3622492
3620278 3620283
3620283 3620288
3619192 3619196
3619196 3619201
3620288 3620293
3627565 3627584
3619878 3619897
3620569 3620574
3662094 3662099
3627584 3627603
3662099 3662104
3619291 3619296
3619296 3619301
3619301 3619306
3621385 3621404
3619306 3619310
3622492 3622511
3619201 3619206
3620293 3620298
3619206 3619211
3620574 3620579
3620579 3620584
3627603 3627608
3627680 3627699
3619897 3619916
3662104 3662109
3620584 3620589
3620589 3620594
3621404 3621423
3619310 3619315
3619315 3619320
3619320 3619325
3620594 3620599
3619325 3619329
3622053 3622072
3627608 3627613
3627613 3627618
3627618 3627623
3619211 3619215
3619215 3619220
3619220 3619225
3627699 3627718
3619225 3619230
3619344 3619346
3622130 3622139
3619346 3619348
3619348 3619350
3619350 3619353
3622139 3622149
3619353 3619355
3621519 3621528
3619916 3619925
3619355 3619358
3622740 3622749
3619358 3619360
3619360 3619363
3622149 3622158
3619363 3619365
3619365 3619368
3619368 3619370
3619370 3619373
3621423 3621432
3619373 3619375
3620599 3620604
3619375 3619378
3619329 3619331
3622511 3622520
3622158 3622168
3621432 3621442
3619331 3619334
3619378 3619380
3621442 3621451
3621451 3621461
3621461 3621470
3619334 3619336
3622072 3622081
3619336 3619339
3619380 3619381
3619381 3619382
3621528 3621538
3619382 3619383
3619339 3619341
3622587 3622591
3622893 3622897
3622897 3622902
3619925 3619935
3627718 3627737
3622091 3622095
3622168 3622177
3622095 3622100
3622081 3622083
3622749 3622754
3621538 3621547
3622754 3622759
3621547 3621557
3619341 3619344
3622759 3622763
3622591 3622596
3622763 3622768
3622596 3622601
3622601 3622606
3622902 3622907
3619935 3619944
3619954 3619958
3619958 3619963
3621557 3621566
3627737 3627756
3619944 3619946
3622177 3622187
3619946 3619949
3622100 3622105
3619949 3619951
3622105 3622110
3622110 3622115
3619951 3619954
3622520 3622525
3622525 3622530
3622083 3622086
3622086 3622088
3627776 3627785
3622088 3622091
3621672 3621676
3621676 3621681
3622768 3622773
3622907 3622912
3621681 3621686
3622606 3622610
3621686 3621691
3622773 3622778
3619963 3619968
3622778 3622782
3621691 3621695
3619968 3619973
3622782 3622787
3621566 3621571
3621571 3621576
3619973 3619978
3621576 3621580
3619978 3619983
3627785 3627795
3622187 3622196
3622115 3622120
3627756 3627761
3627761 3627766
3622530 3622534
3622534 3622539
3622120 3622125
3627766 3627771
3622610 3622615
3621695 3621700
3622615 3622620
3621700 3621705
3622620 3622625
3622787 3622792
3622912 3622916
3622916 3622921
3622625 3622629
3621580 3621585
3619983 3619988
3619988 3619993
3622629 3622634
3621470 3621480
3622196 3622206
3622206 3622215
3622539 3622544
3622215 3622225
3622544 3622549
3627771 3627776
3622549 3622553
3622553 3622558
3622558 3622563
3621748 3621750
3621750 3621752
3622792 3622797
3621752 3621754
3621754 3621757
3622921 3622926
3621757 3621759
3622797 3622801
3622926 3622931
3622801 3622806
3621585 3621590
3622931 3622935
3622806 3622811
3621759 3621762
3622811 3622816
3621762 3621764
3622563 3622568
3621764 3621767
3621767 3621769
3627795 3627804
3622935 3622940
3622568 3622572
3621480 3621484
3622940 3622945
3627804 3627814
3622945 3622950
3622634 3622639
3622950 3622954
3622639 3622644
3621499 3621501
3621501 3621504
3621504 3621506
3622572 3622577
3621506 3621509
3622225 3622234
3622125 3622130
3621509 3621511
3621511 3621514
3621514 3621516
3627814 3627823
3621516 3621519
3621705 3621707
3621707 3621710
3627823 3627833
3621710 3621712
3621712 3621714
3621590 3621595
3621769 3621771
3621484 3621486
3621486 3621489
3622816 3622818
3622818 3622820
3622820 3622822
3622954 3622959
3622822 3622825
3622959 3622964
3621771 3621773
3621773 3621776
3621776 3621778
3621778 3621781
3622234 3622244
3621781 3621783
3621783 3621786
3622577 3622582
3622644 3622648
3622648 3622653
3621786 3621788
3622825 3622827
3621788 3621790
3622827 3622830
3622653 3622658
3621790 3621792
3622830 3622832
3622244 3622253
3622969 3622971
3622971 3622973
3621489 3621491
3622973 3622975
3621491 3621494
3622658 3622663
3622975 3622978
3622978 3622980
3621494 3621496
3621496 3621499
3622663 3622667
3621714 3621716
3622667 3622672
3621716 3621719
3621719 3621721
3621729 3621730
3621595 3621599
3621730 3621731
3621599 3621604
3621731 3621732
3621732 3621733
3621792 3621795
3621733 3621734
3621795 3621797
3621797 3621800
3627852 3627856
3622672 3622677
3627856 3627861
3622677 3622682
3621721 3621722
3622582 3622587
3621604 3621609
3621609 3621614
3622253 3622263
3622832 3622835
3622835 3622837
3622837 3622839
3627833 3627837
3627837 3627842
3622980 3622983
3622964 3622965
3622965 3622966
3622966 3622967
3622967 3622969
3621734 3621735
3622983 3622985
3621735 3621736
3622985 3622988
3621736 3621738
3621800 3621802
3621802 3621805
3621738 3621739
3621739 3621740
3621740 3621741
3627861 3627866
3621741 3621743
3621722 3621724
3621743 3621744
3621724 3621725
3621725 3621726
3621744 3621745
3621745 3621746
3621746 3621748
3621726 3621727
3621727 3621729
3627890 3627892
3627892 3627894
3621614 3621618
3622839 3622841
3622841 3622844
3623007 3623008
3623008 3623009
3623009 3623010
3623010 3623011
3623011 3623012
3623012 3623013
3623013 3623014
3623014 3623016
3623016 3623017
3623017 3623018
3627842 3627847
3627847 3627852
3622682 3622686
3627909 3627910
3622686 3622691
3627910 3627911
3627911 3627912
3627912 3627914
3622988 3622989
3622989 3622990
3621805 3621807
3622990 3622991
3622991 3622992
3621807 3621810
3627866 3627868
3622997 3622998
3627868 3627871
3622998 3622999
3622844 3622846
3622846 3622849
3622999 3623000
3623000 3623001
3623001 3623002
3627871 3627873
3627873 3627875
3621810 3621812
3627875 3627877
3627877 3627880
3623002 3623003
3623003 3623004
3623004 3623005
3627880 3627882
3623005 3623006
3627882 3627885
3623006 3623007
3627885 3627887
3627894 3627895
3627895 3627896
3627887 3627890
3627896 3627897
3627897 3627899
3621618 3621623
3622854 3622855
3622855 3622856
3627899 3627900
3622856 3622857
3627900 3627901
3622857 3622858
3627901 3627902
3622858 3622859
3622859 3622860
3622701 3622703
3622703 3622705
3622705 3622707
3622707 3622710
3627914 3627915
3627915 3627916
3627916 3627917
3622710 3622712
3627917 3627919
3623018 3623019
3623019 3623021
3622712 3622715
3622715 3622717
3623021 3623022
3622717 3622720
3627919 3627920
3627920 3627921
3627921 3627922
3622720 3622722
3627922 3627924
3627924 3627925
3627925 3627926
3621623 3621628
3627926 3627927
3627927 3627929
3622691 3622693
3622693 3622696
3622873 3622874
3622992 3622993
3622993 3622994
3622994 3622995
3621812 3621815
3622849 3622850
3622995 3622996
3622996 3622997
3622696 3622698
3621815 3621817
3621817 3621820
3622698 3622701
3621820 3621822
3623026 3623027
3623027 3623028
3621822 3621825
3623028 3623029
3623029 3623030
3623030 3623031
3623031 3623032
3623032 3623033
3623033 3623034
3623036 3623037
3623037 3623038
3622263 3622272
3623038 3623039
3623034 3623035
3621633 3621635
3623039 3623040
3621635 3621637
3623040 3623041
3621637 3621639
3623035 3623036
3627902 3627904
3621639 3621642
3622272 3622282
3622860 3622861
3623041 3623042
3627904 3627905
3622861 3622862
3627905 3627906
3622862 3622863
3623022 3623023
3622883 3622884
3627906 3627907
3621652 3621653
3622884 3622885
3621653 3621654
3622885 3622886
3622863 3622864
3623023 3623024
3621654 3621655
3627907 3627909
3622886 3622887
3622864 3622865
3621655 3621657
3622887 3622888
3622865 3622866
3621657 3621658
3622866 3622867
3621658 3621659
3622867 3622868
3621659 3621660
3623024 3623025
3622888 3622889
3622889 3622890
3623025 3623026
3622722 3622725
3622725 3622727
3622727 3622730
3621660 3621662
3622850 3622851
3622868 3622869
3622869 3622870
3621628 3621629
3621629 3621630
3622851 3622852
3622870 3622871
3622852 3622854
3621630 3621631
3622871 3622872
3621631 3621633
3622872 3622873
3622890 3622891
3623042 3623043
3622730 3622731
3622731 3622732
3622891 3622892
3622732 3622733
3623043 3623044
3622733 3622735
3622874 3622875
3622892 3622893
3623044 3623045
3622875 3622876
3622876 3622877
3622877 3622878
3623045 3623046
3621642 3621643
3621643 3621644
3622282 3622286
3622878 3622879
3622286 3622291
3622879 3622880
3622291 3622296
3622880 3622881
3622881 3622882
3622882 3622883
3622358 3622360
3622360 3622362
3621647 3621648
3622362 3622363
3622363 3622364
3622396 3622397
3621648 3621649
3622397 3622398
3622735 3622736
3622736 3622737
3622364 3622365
3622365 3622367
3621649 3621650
3622367 3622368
3622398 3622399
3622368 3622369
3622399 3622400
3622737 3622738
3622369 3622370
3622400 3622401
3621650 3621651
3622370 3622372
3622401 3622402
3622402 3622403
3622738 3622739
3622372 3622373
3622403 3622405
3621651 3621652
3622373 3622374
3622739 3622740
3622296 3622298
3622298 3622301
3622301 3622303
3622415 3622416
3622416 3622417
3622417 3622418
3622320 3622321
3622321 3622322
3622418 3622419
3622419 3622420
3622420 3622421
3622421 3622422
3622422 3622423
3622423 3622424
3622424 3622425
3621662 3621663
3621663 3621664
3621664 3621665
3621665 3621667
3622425 3622426
3622426 3622427
3622427 3622428
3621667 3621668
3621668 3621669
3621669 3621670
3622405 3622406
3622406 3622407
3622377 3622378
3622407 3622408
3622378 3622379
3621670 3621672
3622408 3622409
3622379 3622380
3622409 3622410
3622430 3622431
3622431 3622432
3622410 3622411
3621644 3621645
3622411 3622412
3622412 3622413
3622432 3622433
3621645 3621646
3622413 3622414
3622433 3622434
3622386 3622387
3622387 3622388
3621646 3621647
3622414 3622415
3622388 3622389
3622389 3622390
3622390 3622391
3622391 3622392
3622392 3622393
3622339 3622340
3622393 3622394
3622340 3622341
3622341 3622342
3622342 3622343
3622343 3622344
3622374 3622375
3622344 3622345
3622345 3622346
3622346 3622347
3622303 3622304
3622347 3622348
3622375 3622376
3622304 3622305
3622305 3622306
3622306 3622307
3622307 3622308
3622376 3622377
3622308 3622310
3622348 3622349
3622349 3622350
3622394 3622395
3622350 3622351
3622351 3622352
3622310 3622311
3622434 3622435
3622395 3622396
3622311 3622312
3622312 3622313
3622313 3622315
3622322 3622323
3622323 3622324
3622324 3622325
3622353 3622354
3622325 3622326
3622354 3622355
3622326 3622327
3622327 3622328
3622355 3622356
3622356 3622357
3622357 3622358
3622428 3622429
3622429 3622430
3622315 3622316
3622380 3622381
3622329 3622330
3622316 3622317
3622330 3622331
3622331 3622332
3622332 3622333
3622333 3622334
3622381 3622382
3622382 3622383
3622317 3622318
3622383 3622384
3622334 3622335
3622335 3622336
3622318 3622319
3622384 3622385
3622319 3622320
3622336 3622337
3622385 3622386
3622337 3622338
3622338 3622339
3622352 3622353
3622328 3622329
